<?xml version="1.0" encoding="UTF-8"?>
<!-- Generated by org.testng.reporters.JUnitXMLReporter -->
<testsuite ignored="7" hostname="LAPTOP-9TVHT2DI" failures="0" tests="1" name="Default test" time="1.68" errors="0" timestamp="2024-11-16T01:48:49 IST">
  <testcase classname="apiTesting.GetAllCustomer" name="payloadUsingObject" time="1.638"/>
  <testcase classname="apiTesting.GetAllCustomer" name="getAllCustomer" time="0.0">
    <ignored/>
  </testcase> <!-- getAllCustomer -->
  <testcase classname="apiTesting.GetAllCustomer" name="getCustomer" time="0.0">
    <ignored/>
  </testcase> <!-- getCustomer -->
  <testcase classname="apiTesting.GetAllCustomer" name="createUser" time="0.0">
    <ignored/>
  </testcase> <!-- createUser -->
  <testcase classname="apiTesting.GetAllCustomer" name="byUsingJsonObject" time="0.0">
    <ignored/>
  </testcase> <!-- byUsingJsonObject -->
  <testcase classname="apiTesting.GetAllCustomer" name="passingComplexDataWithHashMap" time="0.0">
    <ignored/>
  </testcase> <!-- passingComplexDataWithHashMap -->
  <testcase classname="apiTesting.GetAllCustomer" name="payloadWithJsonFile" time="0.0">
    <ignored/>
  </testcase> <!-- payloadWithJsonFile -->
  <testcase classname="apiTesting.GetAllCustomer" name="createCustomer" time="0.0">
    <ignored/>
  </testcase> <!-- createCustomer -->
</testsuite> <!-- Default test -->
